<?xml version="1.0" encoding="UTF-8" ?>
<testsuite errors="0" failures="1" hostname="localhost" name="GroupB" tests="2" time="0.000" timestamp="TIMESTAMP">
<properties>
</properties>
<testcase classname="GroupB" name="ig" assertions="1" time="0.000" file="tests/cli/cli_tests.cpp" line="30">
<failure message="tests/cli/cli_tests.cpp:32: only fails when run with -ri" type="AssertionFailedError">
</failure>
</testcase>
<testcase classname="GroupB" name="b1" assertions="1" time="0.000" file="tests/cli/cli_tests.cpp" line="25">
</testcase>
<system-out></system-out>
<system-err></system-err>
</testsuite>
