<?xml version="1.0" encoding="UTF-8" ?>
<testsuite errors="0" failures="0" hostname="localhost" name="GroupB" tests="2" time="0.000" timestamp="TIMESTAMP">
<properties>
</properties>
<testcase classname="mypkg.GroupB" name="ig" assertions="0" time="0.000" file="tests/cli/cli_tests.cpp" line="30">
<skipped />
</testcase>
<testcase classname="mypkg.GroupB" name="b1" assertions="1" time="0.000" file="tests/cli/cli_tests.cpp" line="25">
</testcase>
<system-out></system-out>
<system-err></system-err>
</testsuite>
